<?xml version="1.0" encoding="UTF-8"?>
<!-- Generated by org.testng.reporters.JUnitXMLReporter -->
<testsuite ignored="0" hostname="LAP-ANKITAP" failures="0" tests="5" name="Default test" time="8.247" errors="0" timestamp="2024-10-19T13:25:00 IST">
  <testcase classname="test.PIMTest" name="verifyPimPageTitle" time="1.768"/>
  <testcase classname="test.PIMTest" name="verifyEmpSearchEmpId" time="0.711"/>
  <testcase classname="test.PIMTest" name="TestIngChanges" time="0.002"/>
  <testcase classname="test.PIMTest" name="TestGit1" time="0.004"/>
  <testcase classname="test.PIMTest" name="TestingGitFeature" time="0.002"/>
</testsuite> <!-- Default test -->
