<?xml version="1.0" encoding="UTF-8"?>
<!-- Generated by org.testng.reporters.JUnitXMLReporter -->
<testsuite ignored="2" hostname="LAP-ANKITAP" failures="0" tests="9" name="Test" time="10.404" errors="0" timestamp="2024-10-19T19:28:27 IST">
  <testcase classname="test.LoginTest" name="verifyBuildTitleName" time="0.013"/>
  <testcase classname="test.LoginTest" name="verifyTitleOfLoginPage" time="0.322"/>
  <testcase classname="test.LoginTest" name="verifyCurrentUrlOfPage" time="0.014"/>
  <testcase classname="test.LoginTest" name="verifyLoginWithCorrectCredentials" time="1.649"/>
  <testcase classname="test.PIMTest" name="verifyPimPageTitle" time="1.257"/>
  <testcase classname="test.PIMTest" name="verifyEmpSearchEmpId" time="0.203"/>
  <testcase classname="test.PIMTest" name="TestIngChanges" time="0.001"/>
  <testcase classname="test.PIMTest" name="TestGit1" time="0.001"/>
  <testcase classname="test.PIMTest" name="TestingGitFeature" time="0.002"/>
  <testcase classname="test.BaseTest" name="@BeforeSuite initBrowser" time="0.0">
    <ignored/>
  </testcase> <!-- @BeforeSuite initBrowser -->
  <testcase classname="test.BaseTest" name="@AfterSuite logoutUser" time="0.0">
    <ignored/>
  </testcase> <!-- @AfterSuite logoutUser -->
</testsuite> <!-- Test -->
