<?xml version="1.0" encoding="UTF-8"?>
<!-- Generated by org.testng.reporters.JUnitXMLReporter -->
<testsuite ignored="2" hostname="LAP-ANKITAP" failures="0" tests="9" name="Test" time="16.683" errors="0" timestamp="2024-10-19T22:18:18 IST">
  <testcase classname="test.LoginTest" name="verifyBuildTitleName" time="0.036"/>
  <testcase classname="test.LoginTest" name="verifyTitleOfLoginPage" time="1.728"/>
  <testcase classname="test.LoginTest" name="verifyCurrentUrlOfPage" time="0.042"/>
  <testcase classname="test.LoginTest" name="verifyLoginWithCorrectCredentials" time="2.649"/>
  <testcase classname="test.PIMTest" name="verifyPimPageTitle" time="1.415"/>
  <testcase classname="test.PIMTest" name="verifyEmpSearchEmpId" time="0.599"/>
  <testcase classname="test.PIMTest" name="TestIngChanges" time="0.003"/>
  <testcase classname="test.PIMTest" name="TestGit1" time="0.002"/>
  <testcase classname="test.PIMTest" name="TestingGitFeature" time="0.002"/>
  <testcase classname="test.BaseTest" name="@BeforeSuite initBrowser" time="0.0">
    <ignored/>
  </testcase> <!-- @BeforeSuite initBrowser -->
  <testcase classname="test.BaseTest" name="@AfterSuite logoutUser" time="0.0">
    <ignored/>
  </testcase> <!-- @AfterSuite logoutUser -->
</testsuite> <!-- Test -->
