<?xml version="1.0" encoding="UTF-8"?>
<testng-results ignored="2" total="11" passed="9" failed="0" skipped="0">
  <reporter-output>
  </reporter-output>
  <suite started-at="2024-10-19T22:18:01 IST" name="Suite" finished-at="2024-10-19T22:18:18 IST" duration-ms="16683">
    <groups>
      <group name="regression">
        <method signature="LoginTest.verifyBuildTitleName()[pri:-1, instance:test.LoginTest@25ce9dc4]" name="verifyBuildTitleName" class="test.LoginTest"/>
        <method signature="LoginTest.verifyCurrentUrlOfPage()[pri:1, instance:test.LoginTest@25ce9dc4]" name="verifyCurrentUrlOfPage" class="test.LoginTest"/>
        <method signature="LoginTest.verifyLoginWithCorrectCredentials()[pri:2, instance:test.LoginTest@25ce9dc4]" name="verifyLoginWithCorrectCredentials" class="test.LoginTest"/>
        <method signature="LoginTest.verifyTitleOfLoginPage()[pri:0, instance:test.LoginTest@25ce9dc4]" name="verifyTitleOfLoginPage" class="test.LoginTest"/>
        <method signature="PIMTest.TestGit1()[pri:6, instance:test.PIMTest@53045c6c]" name="TestGit1" class="test.PIMTest"/>
        <method signature="PIMTest.TestIngChanges()[pri:5, instance:test.PIMTest@53045c6c]" name="TestIngChanges" class="test.PIMTest"/>
        <method signature="PIMTest.TestingGitFeature()[pri:7, instance:test.PIMTest@53045c6c]" name="TestingGitFeature" class="test.PIMTest"/>
        <method signature="PIMTest.verifyEmpSearchEmpId()[pri:4, instance:test.PIMTest@53045c6c]" name="verifyEmpSearchEmpId" class="test.PIMTest"/>
        <method signature="PIMTest.verifyPimPageTitle()[pri:3, instance:test.PIMTest@53045c6c]" name="verifyPimPageTitle" class="test.PIMTest"/>
      </group> <!-- regression -->
      <group name="smoke">
        <method signature="LoginTest.verifyBuildTitleName()[pri:-1, instance:test.LoginTest@25ce9dc4]" name="verifyBuildTitleName" class="test.LoginTest"/>
        <method signature="LoginTest.verifyCurrentUrlOfPage()[pri:1, instance:test.LoginTest@25ce9dc4]" name="verifyCurrentUrlOfPage" class="test.LoginTest"/>
        <method signature="LoginTest.verifyLoginWithCorrectCredentials()[pri:2, instance:test.LoginTest@25ce9dc4]" name="verifyLoginWithCorrectCredentials" class="test.LoginTest"/>
        <method signature="LoginTest.verifyTitleOfLoginPage()[pri:0, instance:test.LoginTest@25ce9dc4]" name="verifyTitleOfLoginPage" class="test.LoginTest"/>
        <method signature="PIMTest.TestGit1()[pri:6, instance:test.PIMTest@53045c6c]" name="TestGit1" class="test.PIMTest"/>
        <method signature="PIMTest.TestIngChanges()[pri:5, instance:test.PIMTest@53045c6c]" name="TestIngChanges" class="test.PIMTest"/>
        <method signature="PIMTest.TestingGitFeature()[pri:7, instance:test.PIMTest@53045c6c]" name="TestingGitFeature" class="test.PIMTest"/>
        <method signature="PIMTest.verifyEmpSearchEmpId()[pri:4, instance:test.PIMTest@53045c6c]" name="verifyEmpSearchEmpId" class="test.PIMTest"/>
        <method signature="PIMTest.verifyPimPageTitle()[pri:3, instance:test.PIMTest@53045c6c]" name="verifyPimPageTitle" class="test.PIMTest"/>
      </group> <!-- smoke -->
    </groups>
    <test started-at="2024-10-19T22:18:01 IST" name="Test" finished-at="2024-10-19T22:18:18 IST" duration-ms="16683">
      <class name="test.PIMTest">
        <test-method is-config="true" signature="pageObjects()[pri:0, instance:test.PIMTest@53045c6c]" started-at="2024-10-19T22:18:10 IST" name="pageObjects" finished-at="2024-10-19T22:18:10 IST" duration-ms="2" status="PASS">
          <reporter-output>
          </reporter-output>
        </test-method> <!-- pageObjects -->
        <test-method is-config="true" signature="login()[pri:0, instance:test.PIMTest@53045c6c]" started-at="2024-10-19T22:18:10 IST" name="login" finished-at="2024-10-19T22:18:13 IST" duration-ms="2327" status="PASS">
          <reporter-output>
          </reporter-output>
        </test-method> <!-- login -->
        <test-method signature="verifyPimPageTitle()[pri:3, instance:test.PIMTest@53045c6c]" started-at="2024-10-19T22:18:13 IST" name="verifyPimPageTitle" finished-at="2024-10-19T22:18:14 IST" duration-ms="1415" status="PASS">
          <reporter-output>
          </reporter-output>
        </test-method> <!-- verifyPimPageTitle -->
        <test-method signature="verifyEmpSearchEmpId()[pri:4, instance:test.PIMTest@53045c6c]" started-at="2024-10-19T22:18:14 IST" name="verifyEmpSearchEmpId" finished-at="2024-10-19T22:18:15 IST" duration-ms="599" status="PASS">
          <reporter-output>
          </reporter-output>
        </test-method> <!-- verifyEmpSearchEmpId -->
        <test-method signature="TestIngChanges()[pri:5, instance:test.PIMTest@53045c6c]" started-at="2024-10-19T22:18:15 IST" name="TestIngChanges" finished-at="2024-10-19T22:18:15 IST" duration-ms="3" status="PASS">
          <reporter-output>
          </reporter-output>
        </test-method> <!-- TestIngChanges -->
        <test-method signature="TestGit1()[pri:6, instance:test.PIMTest@53045c6c]" started-at="2024-10-19T22:18:15 IST" name="TestGit1" finished-at="2024-10-19T22:18:15 IST" duration-ms="2" status="PASS">
          <reporter-output>
          </reporter-output>
        </test-method> <!-- TestGit1 -->
        <test-method signature="TestingGitFeature()[pri:7, instance:test.PIMTest@53045c6c]" started-at="2024-10-19T22:18:15 IST" name="TestingGitFeature" finished-at="2024-10-19T22:18:15 IST" duration-ms="2" status="PASS">
          <reporter-output>
          </reporter-output>
        </test-method> <!-- TestingGitFeature -->
        <test-method is-config="true" signature="logOutUser()[pri:0, instance:test.PIMTest@53045c6c]" started-at="2024-10-19T22:18:15 IST" name="logOutUser" finished-at="2024-10-19T22:18:18 IST" duration-ms="3088" status="PASS">
          <reporter-output>
          </reporter-output>
        </test-method> <!-- logOutUser -->
      </class> <!-- test.PIMTest -->
      <class name="test.LoginTest">
        <test-method is-config="true" signature="initBrowser()[pri:0, instance:test.LoginTest@25ce9dc4]" started-at="2024-10-19T22:17:48 IST" name="initBrowser" finished-at="2024-10-19T22:18:01 IST" duration-ms="13067" status="PASS">
          <reporter-output>
          </reporter-output>
        </test-method> <!-- initBrowser -->
        <test-method is-config="true" signature="pageObjects()[pri:0, instance:test.LoginTest@25ce9dc4]" started-at="2024-10-19T22:18:01 IST" name="pageObjects" finished-at="2024-10-19T22:18:01 IST" duration-ms="45" status="PASS">
          <reporter-output>
          </reporter-output>
        </test-method> <!-- pageObjects -->
        <test-method signature="verifyBuildTitleName()[pri:-1, instance:test.LoginTest@25ce9dc4]" started-at="2024-10-19T22:18:01 IST" name="verifyBuildTitleName" finished-at="2024-10-19T22:18:01 IST" duration-ms="36" status="PASS">
          <reporter-output>
          </reporter-output>
        </test-method> <!-- verifyBuildTitleName -->
        <test-method signature="verifyTitleOfLoginPage()[pri:0, instance:test.LoginTest@25ce9dc4]" started-at="2024-10-19T22:18:01 IST" name="verifyTitleOfLoginPage" finished-at="2024-10-19T22:18:03 IST" duration-ms="1728" status="PASS">
          <reporter-output>
          </reporter-output>
        </test-method> <!-- verifyTitleOfLoginPage -->
        <test-method signature="verifyCurrentUrlOfPage()[pri:1, instance:test.LoginTest@25ce9dc4]" started-at="2024-10-19T22:18:03 IST" name="verifyCurrentUrlOfPage" finished-at="2024-10-19T22:18:03 IST" duration-ms="42" status="PASS">
          <reporter-output>
          </reporter-output>
        </test-method> <!-- verifyCurrentUrlOfPage -->
        <test-method signature="verifyLoginWithCorrectCredentials()[pri:2, instance:test.LoginTest@25ce9dc4]" started-at="2024-10-19T22:18:03 IST" name="verifyLoginWithCorrectCredentials" finished-at="2024-10-19T22:18:06 IST" duration-ms="2649" status="PASS">
          <reporter-output>
          </reporter-output>
        </test-method> <!-- verifyLoginWithCorrectCredentials -->
        <test-method is-config="true" signature="logOutUser()[pri:0, instance:test.LoginTest@25ce9dc4]" started-at="2024-10-19T22:18:06 IST" name="logOutUser" finished-at="2024-10-19T22:18:10 IST" duration-ms="4671" status="PASS">
          <reporter-output>
          </reporter-output>
        </test-method> <!-- logOutUser -->
        <test-method is-config="true" signature="logoutUser()[pri:0, instance:test.LoginTest@25ce9dc4]" started-at="2024-10-19T22:18:18 IST" name="logoutUser" finished-at="2024-10-19T22:18:18 IST" duration-ms="498" status="PASS">
          <reporter-output>
          </reporter-output>
        </test-method> <!-- logoutUser -->
      </class> <!-- test.LoginTest -->
    </test> <!-- Test -->
  </suite> <!-- Suite -->
</testng-results>
